<?xml version="1.0" encoding="UTF-8"?>
<!-- Generated by org.testng.reporters.JUnitReportReporter -->
<testsuite name="com.test.Test1" tests="1" time="0.441" ignored="0" failures="0" timestamp="06 Oct 2018 03:35:27 GMT" skipped="0" hostname="wsky" errors="0">
  <testcase name="testTest1" time="0.441" classname="com.test.Test1"/>
</testsuite> <!-- com.test.Test1 -->
